2026-01-15 11:23:57,546 - [INFO] - 正在启动 ZenFile...
2026-01-15 11:23:57,547 - [INFO] - 配置加载成功，监控目录: E:\DownLoad
2026-01-15 11:23:57,547 - [CRITICAL] - 发生未知错误: FileOrganizer.__init__() takes 2 positional arguments but 3 were given
2026-01-15 11:23:57,548 - [CRITICAL] - Traceback (most recent call last):
  File "E:\javaAPP\ZenFile\main.py", line 31, in main
    event_handler = FileOrganizer(config, logger)
TypeError: FileOrganizer.__init__() takes 2 positional arguments but 3 were given

2026-01-15 11:25:40,299 - [INFO] - 正在启动 ZenFile...
2026-01-15 11:25:40,300 - [INFO] - 配置加载成功，监控目录: E:\DownLoad
2026-01-15 11:25:40,302 - [INFO] - ZenFile 服务已就绪 (按 Ctrl+C 退出)
2026-01-15 11:25:58,519 - [INFO] - 成功整理: EasyConnectInstaller.exe -> 03_安装包
2026-01-15 11:25:59,022 - [INFO] - 成功整理: DingTalk_v6.5.20.6139101.exe -> 03_安装包
2026-01-15 11:25:59,533 - [INFO] - 成功整理: DDU v18.0.7.3_setup.exe -> 03_安装包
2026-01-15 11:26:00,036 - [INFO] - 成功整理: DiscordSetup.exe -> 03_安装包
2026-01-15 11:26:00,544 - [INFO] - 成功整理: ChromeSetup.exe -> 03_安装包
2026-01-15 11:26:01,049 - [INFO] - 成功整理: BaiduNetdisk_7.41.0.10.exe -> 03_安装包
2026-01-15 11:26:01,555 - [INFO] - 成功整理: amdsoftwarecompatibilitytool.exe -> 03_安装包
2026-01-15 11:26:02,062 - [INFO] - 成功整理: 2110903104.exe -> 03_安装包
2026-01-15 11:26:02,569 - [INFO] - 成功整理: Graphic_DCH_ROG_NVIDIA_Z_V30.0.14.9649_25861_1.exe -> 03_安装包
2026-01-15 11:26:03,077 - [INFO] - 成功整理: HexHub-amd64-default-1.3.0.exe -> 03_安装包
2026-01-15 11:26:03,584 - [INFO] - 成功整理: customer_template_1689845173719.xlsx -> 02_文档
2026-01-15 11:26:04,092 - [INFO] - 成功整理: M3U8-Downloader-win_x64-2.0.7.exe -> 03_安装包
2026-01-15 11:26:04,599 - [INFO] - 成功整理: level_1689668657805.xlsx -> 02_文档
2026-01-15 11:26:05,107 - [INFO] - 成功整理: GL-QT-23001投建营一体化项目实施计划-一期开发-20231011.xlsx -> 02_文档
2026-01-15 11:26:57,587 - [INFO] - 成功整理: lihui11 - 副本.png -> 01_图片
2026-01-15 11:27:04,745 - [INFO] - 成功整理: _1dc1fd26-4bfd-4066-9c78-cef311e5e5e5.jfif -> 99_其他
2026-01-15 11:28:05,474 - [INFO] - 成功整理: ！交通运输行业高质量数据集建设方案(1).docx -> 02_文档
2026-01-15 11:28:05,984 - [INFO] - 成功整理: ！交通运输行业高质量数据集建设方案(1)-汇出.pdf -> 02_文档
2026-01-15 11:28:06,491 - [INFO] - 成功整理: 【曹操出行-32.68元】百度地图打车电子发票.pdf -> 02_文档
2026-01-15 11:28:06,997 - [INFO] - 成功整理: 101.txt -> 02_文档
2026-01-15 11:28:07,502 - [INFO] - 成功整理: 0825导出111756088504784.tar.gz -> 04_压缩包
2026-01-15 11:28:08,011 - [INFO] - 成功整理: 0906导出111757143941881.tar.gz -> 04_压缩包
2026-01-15 11:28:08,517 - [INFO] - 成功整理: 1014导出111760422268971.tar.gz -> 04_压缩包
2026-01-15 11:28:09,021 - [INFO] - 成功整理: 1017导出111760692353161.tar.gz -> 04_压缩包
2026-01-15 11:28:09,528 - [INFO] - 成功整理: 15888100637(15888100637) 20250926124609.txt -> 02_文档
2026-01-15 11:28:10,045 - [INFO] - 成功整理: 1702028794151.pdf -> 02_文档
2026-01-15 11:28:10,555 - [INFO] - 成功整理: apache-doris-2.0.8-bin-x64.tar.gz -> 04_压缩包
2026-01-15 11:28:11,070 - [INFO] - 成功整理: API DOCS.md -> 02_文档
2026-01-15 11:28:11,573 - [INFO] - 成功整理: appPublicCert_20230811102315A001.crt -> 99_其他
2026-01-15 11:28:12,081 - [INFO] - 成功整理: ClashMeta_For_Android.apk -> 03_安装包
2026-01-15 11:28:12,589 - [INFO] - 成功整理: dify-plugin-repackaging-main.zip -> 04_压缩包
2026-01-15 11:28:13,107 - [INFO] - 成功整理: Dism++10.1.1002.1B.zip -> 04_压缩包
2026-01-15 11:28:13,613 - [INFO] - 成功整理: Doris.docx -> 02_文档
2026-01-15 11:28:14,116 - [INFO] - 成功整理: doris-manager-24.0.0-x64-bin.tar.gz -> 04_压缩包
2026-01-15 11:28:14,620 - [INFO] - 成功整理: dws_9.1.x_jdbc_driver.zip -> 04_压缩包
2026-01-15 11:28:15,125 - [INFO] - 成功整理: dzfp_25132000000008276092_20250114152005.pdf -> 02_文档
2026-01-15 11:28:15,632 - [INFO] - 成功整理: GitHubDesktop2Chinese.exe -> 03_安装包
2026-01-15 11:28:16,136 - [INFO] - 成功整理: github-recovery-codes.txt -> 02_文档
2026-01-15 11:28:16,644 - [INFO] - 成功整理: ImpalaJDBC42-2.6.32.1041.jar -> 99_其他
2026-01-15 11:28:17,149 - [INFO] - 成功整理: install.sh -> 99_其他
2026-01-15 11:28:17,655 - [INFO] - 成功整理: Java开发手册(黄山版).pdf -> 02_文档
2026-01-15 11:28:18,173 - [INFO] - 成功整理: lihui11.png -> 01_图片
2026-01-15 11:28:18,678 - [INFO] - 成功整理: Mermaid.png -> 01_图片
2026-01-15 11:28:19,184 - [INFO] - 成功整理: metabase.jar -> 99_其他
2026-01-15 11:28:19,691 - [INFO] - 成功整理: MicrosoftEdgeSetupDev.exe -> 03_安装包
2026-01-15 11:28:20,198 - [INFO] - 成功整理: node-v18.16.0-x64 (4).msi -> 03_安装包
2026-01-15 11:28:20,705 - [INFO] - 成功整理: Notion Setup 6.1.0.exe -> 03_安装包
2026-01-15 11:28:21,209 - [INFO] - 成功整理: nvm-setup (1).exe -> 03_安装包
2026-01-15 11:28:21,718 - [INFO] - 成功整理: O1CN01FUrqQl1STAkX4YIjW_!!6000000002247-0-tps-3000-2268.jpg -> 01_图片
2026-01-15 11:28:22,222 - [INFO] - 成功整理: O400002mEpNG0LDNa3.ogg -> 99_其他
2026-01-15 11:28:22,728 - [INFO] - 成功整理: obj_wo3DlMOGwrbDjj7DisKw_14096407555_d87d_c228_403a_9e4ee76f5023e19f3ebbc9c56925f568.mp3 -> 05_音视频
2026-01-15 11:28:23,235 - [INFO] - 成功整理: obj_wo3DlMOGwrbDjj7DisKw_14096425767_b116_7927_951f_77913582bab1759d2b54530502e7a60b.mp3 -> 05_音视频
2026-01-15 11:28:23,742 - [INFO] - 成功整理: offsetexplorer_64bit.exe -> 03_安装包
2026-01-15 11:28:24,247 - [INFO] - 成功整理: PAGreen.7z -> 04_压缩包
2026-01-15 11:28:24,754 - [INFO] - 成功整理: PAInstall.zip -> 04_压缩包
2026-01-15 11:28:25,262 - [INFO] - 成功整理: pandas-1.4.3-cp310-cp310-win_amd64.whl -> 99_其他
2026-01-15 11:28:25,769 - [INFO] - 成功整理: PasteMD_pandoc-Setup_v0.1.6.3.exe -> 03_安装包
2026-01-15 11:28:26,275 - [INFO] - 成功整理: pcasv.csv -> 99_其他
2026-01-15 11:28:26,782 - [INFO] - 成功整理: pcsuite_setup_v3.6.1.0_1711507927617.exe -> 03_安装包
2026-01-15 11:28:27,287 - [INFO] - 成功整理: pgadmin4-9.3-x64.exe -> 03_安装包
2026-01-15 11:28:27,795 - [INFO] - 成功整理: PicGo-Setup-2.3.1-x64.exe -> 03_安装包
2026-01-15 11:28:28,314 - [INFO] - 成功整理: Postman-win64-9.12.2-Setup.exe -> 03_安装包
2026-01-15 11:28:28,818 - [INFO] - 成功整理: python-3.10.5-amd64.exe -> 03_安装包
2026-01-15 11:28:29,323 - [INFO] - 成功整理: QQ号码_2029840564.txt -> 02_文档
2026-01-15 11:28:29,831 - [INFO] - 成功整理: RgSSLvpnSetup_64.exe -> 03_安装包
2026-01-15 11:28:30,349 - [INFO] - 成功整理: SCDA_赵世玉_2025.08.18_202508148963C3.pdf -> 02_文档
2026-01-15 11:28:30,853 - [INFO] - 成功整理: ShuDaXia_PC_OFFICES_Setup_v2.8.1.0.exe -> 03_安装包
2026-01-15 11:28:31,369 - [INFO] - 成功整理: shujuhuifu.exe -> 03_安装包
2026-01-15 11:28:31,874 - [INFO] - 成功整理: SLP1911940838509473_SecureLink-3.7.1-1018-6467-win-x64.exe -> 03_安装包
2026-01-15 11:28:32,380 - [INFO] - 成功整理: SourceTreeSetup-3.4.15.exe -> 03_安装包
2026-01-15 11:28:32,884 - [INFO] - 成功整理: spacedesk - display_0.91.15.apk -> 03_安装包
2026-01-15 11:28:33,401 - [INFO] - 成功整理: spacedesk_driver_Win_10_64_v2100.msi -> 03_安装包
2026-01-15 11:28:33,905 - [INFO] - 成功整理: sql索引优化_24414.xlsx -> 02_文档
2026-01-15 11:28:34,411 - [INFO] - 成功整理: stealth.min.zip -> 04_压缩包
2026-01-15 11:28:34,916 - [INFO] - 成功整理: Steam  _v3.0.0-rc.7_win_x64.exe -> 03_安装包
2026-01-15 11:28:35,424 - [INFO] - 成功整理: SunloginClient_13.2.0.55335_x64.exe -> 03_安装包
2026-01-15 11:28:35,931 - [INFO] - 成功整理: SunloginClientLite_1.0.2_x64.exe -> 03_安装包
2026-01-15 11:28:36,436 - [INFO] - 成功整理: taskmanager_192.168.100.138_45916-432a96_log -> 99_其他
2026-01-15 11:28:36,946 - [INFO] - 成功整理: typora-setup-x64.exe -> 03_安装包
2026-01-15 11:28:37,464 - [INFO] - 成功整理: UbisoftConnectInstaller.exe -> 03_安装包
2026-01-15 11:28:37,972 - [INFO] - 成功整理: web-lts-9.13-arm64-251106-1857-e6025a-4dcf87-20fd21.tar.gz -> 04_压缩包
2026-01-15 11:28:38,479 - [INFO] - 成功整理: wechat_devtools_1.06.2301040_win32_x64.exe -> 03_安装包
2026-01-15 11:28:38,988 - [INFO] - 成功整理: WHKSetupv12858.exe -> 03_安装包
2026-01-15 11:28:39,496 - [INFO] - 成功整理: windows-x64_FineBI6_0-CN.exe -> 03_安装包
2026-01-15 11:28:40,000 - [INFO] - 成功整理: wireguard-installer.exe -> 03_安装包
2026-01-15 11:28:40,506 - [INFO] - 成功整理: xlc-1.2.1-windows-amd64-setup (1).exe -> 03_安装包
2026-01-15 11:28:41,012 - [INFO] - 成功整理: xlc-1.2.1-windows-amd64-setup.exe -> 03_安装包
2026-01-15 11:28:41,521 - [INFO] - 成功整理: 百度地图电子发票及行程报销单 (1).zip -> 04_压缩包
2026-01-15 11:28:42,028 - [INFO] - 成功整理: 百度地图电子发票及行程报销单 (2).zip -> 04_压缩包
2026-01-15 11:28:42,535 - [INFO] - 成功整理: 百度地图电子发票及行程报销单 (3).zip -> 04_压缩包
2026-01-15 11:28:43,042 - [INFO] - 成功整理: 百度地图电子发票及行程报销单.zip -> 04_压缩包
2026-01-15 11:28:43,552 - [INFO] - 成功整理: 大番薯.jpg -> 01_图片
2026-01-15 11:28:44,055 - [INFO] - 成功整理: 稻城亚丁大转.kml -> 99_其他
2026-01-15 11:28:44,565 - [INFO] - 成功整理: 华电本安数斯_安全管控大模型_演示.pptx -> 02_文档
2026-01-15 11:28:45,069 - [INFO] - 成功整理: 交通运输行业高质量数据集建设方案.docx -> 02_文档
2026-01-15 11:28:45,578 - [INFO] - 成功整理: 能耗算法实施计划20240605_V0.1.xlsx -> 02_文档
2026-01-15 11:28:46,085 - [INFO] - 成功整理: 宁波海关2013年度公务员考录第一批拟录用人员名单.xls -> 02_文档
2026-01-15 11:28:46,591 - [INFO] - 成功整理: 企业性质.xlsx -> 02_文档
2026-01-15 11:28:47,095 - [INFO] - 成功整理: 企业性质_20250606_18.xlsx -> 02_文档
2026-01-15 11:28:47,614 - [INFO] - 成功整理: 尚硅谷大数据技术之DataX.docx -> 02_文档
2026-01-15 11:28:48,120 - [INFO] - 成功整理: 尚硅谷大数据技术之DolphinScheduler.doc -> 02_文档
2026-01-15 11:28:48,628 - [INFO] - 成功整理: 尚硅谷大数据技术之Doris.doc -> 02_文档
2026-01-15 11:28:49,134 - [INFO] - 成功整理: 数据表格导出0715111752560821621.tar.gz -> 04_压缩包
2026-01-15 11:28:49,642 - [INFO] - 成功整理: 图片.png -> 01_图片
2026-01-15 11:28:50,147 - [INFO] - 成功整理: 闲鱼客服-IM聊天_v1.21.18.exe -> 03_安装包
2026-01-15 11:28:50,655 - [INFO] - 成功整理: 阳光出行-发票 (1).pdf -> 02_文档
2026-01-15 11:28:51,163 - [INFO] - 成功整理: 阳光出行-发票.pdf -> 02_文档
2026-01-15 11:28:51,670 - [INFO] - 成功整理: 阳光出行-行程单 (1).pdf -> 02_文档
2026-01-15 11:28:52,174 - [INFO] - 成功整理: 阳光出行-行程单.pdf -> 02_文档
2026-01-15 11:28:52,681 - [INFO] - 成功整理: 印章申请.doc -> 02_文档
2026-01-15 11:28:53,186 - [INFO] - 成功整理: 长穿毕.kml -> 99_其他
2026-01-15 11:28:53,690 - [INFO] - 成功整理: 招商银行交易流水(申请时间2025年05月14日16时13分12秒).zip -> 04_压缩包
2026-01-15 11:28:54,198 - [INFO] - 成功整理: 赵世玉（1）.pdf -> 02_文档
2026-01-15 11:28:54,706 - [INFO] - 成功整理: 赵世玉.docx -> 02_文档
2026-01-15 11:28:55,209 - [INFO] - 成功整理: 赵世玉.pdf -> 02_文档
2026-01-15 11:28:55,717 - [INFO] - 成功整理: 智胜招采 — 智能审核系统 PRD.docx -> 02_文档
2026-01-15 11:28:56,232 - [INFO] - 成功整理: 中国中铁采购电子商务平台认证企业管理员授权委托书.docx -> 02_文档
